<?xml version="1.0" encoding="UTF-8"?>
<!-- Generated by org.testng.reporters.JUnitReportReporter -->
<testsuite hostname="LIN51011250" failures="0" tests="1" name="com.amazon.qa.testcases.AmazonAddToCartTests" time="24.566" errors="0" timestamp="2023-07-17T09:47:47 IST" skipped="0">
  <testcase classname="com.amazon.qa.testcases.AmazonAddToCartTests" name="verifyAddToCartForOrderProcess" time="24.566"/>
  <system-out>
    <![CDATA[<a target="_blank" href= "C:\Users\APATHRUT\eclipse-workspace\ecommerce\screenshots\07174729455.png">Screenshot</a>
<a target="_blank" href= "C:\Users\APATHRUT\eclipse-workspace\ecommerce\screenshots\07174729879.png">Screenshot</a>
Amazon logo is displayed.
<a target="_blank" href= "C:\Users\APATHRUT\eclipse-workspace\ecommerce\screenshots\07174730474.png">Screenshot</a>
Entered product name.
<a target="_blank" href= "C:\Users\APATHRUT\eclipse-workspace\ecommerce\screenshots\07174732813.png">Screenshot</a>
Clicked on search button.
Product Name on which clicked: realme narzo 60 5G (Mars Orange,8GB+128GB) 90Hz Super AMOLED Display | Ultra Premium Vegan Leather Design | with 33W SUPERVOOC Charger
<a target="_blank" href= "C:\Users\APATHRUT\eclipse-workspace\ecommerce\screenshots\07174733766.png">Screenshot</a>
<a target="_blank" href= "C:\Users\APATHRUT\eclipse-workspace\ecommerce\screenshots\07174739646.png">Screenshot</a>
<a target="_blank" href= "C:\Users\APATHRUT\eclipse-workspace\ecommerce\screenshots\07174740118.png">Screenshot</a>
Clicked on add to cart button.
<a target="_blank" href= "C:\Users\APATHRUT\eclipse-workspace\ecommerce\screenshots\07174746062.png">Screenshot</a>
Clicked on cart button.
<a target="_blank" href= "C:\Users\APATHRUT\eclipse-workspace\ecommerce\screenshots\07174746344.png">Screenshot</a>
Subtotal amount:    17,999.00
Number of products in cart: 1
The addition of amount of all the products in cart is same to subtotal amount is :   17,999.00]]>
  </system-out>
</testsuite> <!-- com.amazon.qa.testcases.AmazonAddToCartTests -->
